{"numTotalTestSuites":6,"numPassedTestSuites":3,"numFailedTestSuites":3,"numPendingTestSuites":0,"numTotalTests":7,"numPassedTests":6,"numFailedTests":1,"numPendingTests":0,"numTodoTests":0,"snapshot":{"added":0,"failure":false,"filesAdded":0,"filesRemoved":0,"filesRemovedList":[],"filesUnmatched":0,"filesUpdated":0,"matched":0,"total":0,"unchecked":0,"uncheckedKeysByFile":[],"unmatched":0,"updated":0,"didUpdate":false},"startTime":1771748919185,"success":false,"testResults":[{"assertionResults":[{"ancestorTitles":["SpeechAnalyzer","Empty and reset states"],"fullName":"SpeechAnalyzer Empty and reset states should return waiting stats when empty transcript is provided","status":"passed","title":"should return waiting stats when empty transcript is provided","duration":1.3461999999999534,"failureMessages":[],"meta":{}},{"ancestorTitles":["SpeechAnalyzer","Empty and reset states"],"fullName":"SpeechAnalyzer Empty and reset states should reset properly","status":"passed","title":"should reset properly","duration":0.6057000000000698,"failureMessages":[],"meta":{}},{"ancestorTitles":["SpeechAnalyzer","Pace (WPM) calculations"],"fullName":"SpeechAnalyzer Pace (WPM) calculations should calculate WPM accurately","status":"passed","title":"should calculate WPM accurately","duration":0.24900000000002365,"failureMessages":[],"meta":{}},{"ancestorTitles":["SpeechAnalyzer","Pace (WPM) calculations"],"fullName":"SpeechAnalyzer Pace (WPM) calculations should recognize excellent pace","status":"passed","title":"should recognize excellent pace","duration":0.2640000000001237,"failureMessages":[],"meta":{}},{"ancestorTitles":["SpeechAnalyzer","Filler word detection"],"fullName":"SpeechAnalyzer Filler word detection should correctly count filler words","status":"passed","title":"should correctly count filler words","duration":0.39669999999978245,"failureMessages":[],"meta":{}},{"ancestorTitles":["SpeechAnalyzer","Filler word detection"],"fullName":"SpeechAnalyzer Filler word detection should calculate filler rate accurately","status":"failed","title":"should calculate filler rate accurately","duration":5.877899999999954,"failureMessages":["AssertionError: expected 36.4 to be 40 // Object.is equality\n    at C:/Users/panch/Desktop/careerloop/frontend/src/utils/speechAnalyzer.test.js:62:33\n    at file:///C:/Users/panch/Desktop/careerloop/frontend/node_modules/@vitest/runner/dist/index.js:145:11\n    at file:///C:/Users/panch/Desktop/careerloop/frontend/node_modules/@vitest/runner/dist/index.js:915:26\n    at file:///C:/Users/panch/Desktop/careerloop/frontend/node_modules/@vitest/runner/dist/index.js:1243:20\n    at new Promise (<anonymous>)\n    at runWithTimeout (file:///C:/Users/panch/Desktop/careerloop/frontend/node_modules/@vitest/runner/dist/index.js:1209:10)\n    at file:///C:/Users/panch/Desktop/careerloop/frontend/node_modules/@vitest/runner/dist/index.js:1653:37\n    at Traces.$ (file:///C:/Users/panch/Desktop/careerloop/frontend/node_modules/vitest/dist/chunks/traces.CCmnQaNT.js:142:27)\n    at trace (file:///C:/Users/panch/Desktop/careerloop/frontend/node_modules/vitest/dist/chunks/test.B8ej_ZHS.js:239:21)\n    at runTest (file:///C:/Users/panch/Desktop/careerloop/frontend/node_modules/@vitest/runner/dist/index.js:1653:12)"],"meta":{}},{"ancestorTitles":["SpeechAnalyzer","Scoring logic"],"fullName":"SpeechAnalyzer Scoring logic should penalize clarity and confidence scores for too many fillers","status":"passed","title":"should penalize clarity and confidence scores for too many fillers","duration":0.4701000000000022,"failureMessages":[],"meta":{}}],"startTime":1771748920305,"endTime":1771748920314.4702,"status":"failed","message":"","name":"C:/Users/panch/Desktop/careerloop/frontend/src/utils/speechAnalyzer.test.js"}]}
