{"numTotalTestSuites":7,"numPassedTestSuites":4,"numFailedTestSuites":3,"numPendingTestSuites":0,"numTotalTests":8,"numPassedTests":7,"numFailedTests":1,"numPendingTests":0,"numTodoTests":0,"snapshot":{"added":0,"failure":false,"filesAdded":0,"filesRemoved":0,"filesRemovedList":[],"filesUnmatched":0,"filesUpdated":0,"matched":0,"total":0,"unchecked":0,"uncheckedKeysByFile":[],"unmatched":0,"updated":0,"didUpdate":false},"startTime":1771749401182,"success":false,"testResults":[{"assertionResults":[{"ancestorTitles":["SpeechAnalyzer","Empty and reset states"],"fullName":"SpeechAnalyzer Empty and reset states should return waiting stats when empty transcript is provided","status":"passed","title":"should return waiting stats when empty transcript is provided","duration":1.368600000000015,"failureMessages":[],"meta":{}},{"ancestorTitles":["SpeechAnalyzer","Empty and reset states"],"fullName":"SpeechAnalyzer Empty and reset states should reset properly","status":"passed","title":"should reset properly","duration":0.6286999999999807,"failureMessages":[],"meta":{}},{"ancestorTitles":["SpeechAnalyzer","Pace (WPM) calculations"],"fullName":"SpeechAnalyzer Pace (WPM) calculations should calculate WPM accurately","status":"passed","title":"should calculate WPM accurately","duration":0.27109999999993306,"failureMessages":[],"meta":{}},{"ancestorTitles":["SpeechAnalyzer","Pace (WPM) calculations"],"fullName":"SpeechAnalyzer Pace (WPM) calculations should recognize excellent pace","status":"passed","title":"should recognize excellent pace","duration":0.31900000000018736,"failureMessages":[],"meta":{}},{"ancestorTitles":["SpeechAnalyzer","Filler word detection"],"fullName":"SpeechAnalyzer Filler word detection should correctly count filler words","status":"passed","title":"should correctly count filler words","duration":0.4048000000000229,"failureMessages":[],"meta":{}},{"ancestorTitles":["SpeechAnalyzer","Filler word detection"],"fullName":"SpeechAnalyzer Filler word detection should calculate filler rate accurately","status":"passed","title":"should calculate filler rate accurately","duration":0.1856000000000222,"failureMessages":[],"meta":{}},{"ancestorTitles":["SpeechAnalyzer","Scoring logic"],"fullName":"SpeechAnalyzer Scoring logic should penalize clarity and confidence scores for too many fillers","status":"failed","title":"should penalize clarity and confidence scores for too many fillers","duration":4.553399999999783,"failureMessages":["AssertionError: expected 0 to be greater than 0\n    at C:/Users/panch/Desktop/careerloop/frontend/src/utils/speechAnalyzer.test.js:76:42\n    at file:///C:/Users/panch/Desktop/careerloop/frontend/node_modules/@vitest/runner/dist/index.js:145:11\n    at file:///C:/Users/panch/Desktop/careerloop/frontend/node_modules/@vitest/runner/dist/index.js:915:26\n    at file:///C:/Users/panch/Desktop/careerloop/frontend/node_modules/@vitest/runner/dist/index.js:1243:20\n    at new Promise (<anonymous>)\n    at runWithTimeout (file:///C:/Users/panch/Desktop/careerloop/frontend/node_modules/@vitest/runner/dist/index.js:1209:10)\n    at file:///C:/Users/panch/Desktop/careerloop/frontend/node_modules/@vitest/runner/dist/index.js:1653:37\n    at Traces.$ (file:///C:/Users/panch/Desktop/careerloop/frontend/node_modules/vitest/dist/chunks/traces.CCmnQaNT.js:142:27)\n    at trace (file:///C:/Users/panch/Desktop/careerloop/frontend/node_modules/vitest/dist/chunks/test.B8ej_ZHS.js:239:21)\n    at runTest (file:///C:/Users/panch/Desktop/careerloop/frontend/node_modules/@vitest/runner/dist/index.js:1653:12)"],"meta":{}},{"ancestorTitles":["SpeechAnalyzer","Repeated words detection (TDD)"],"fullName":"SpeechAnalyzer Repeated words detection (TDD) should detect consecutive repeated words and penalize clarity score","status":"passed","title":"should detect consecutive repeated words and penalize clarity score","duration":0.32970000000000255,"failureMessages":[],"meta":{}}],"startTime":1771749402645,"endTime":1771749402653.5535,"status":"failed","message":"","name":"C:/Users/panch/Desktop/careerloop/frontend/src/utils/speechAnalyzer.test.js"}]}
